<?xml version="1.0" encoding="UTF-8"?>
<testsuite xmlns:xsi="http://www.w3.org/2001/XMLSchema-instance" xsi:noNamespaceSchemaLocation="https://maven.apache.org/surefire/maven-surefire-plugin/xsd/surefire-test-report.xsd" name="TestSuite" time="26.347" tests="3" errors="0" skipped="0" failures="0">
  <properties>
[...]
</properties>
  <testcase name="testcase1" classname="testcases.TC_001" time="8.651"/>
  <testcase name="testcase2" classname="testcases.TC_002" time="8.577"/>
  <testcase name="testcase3" classname="testcases.TC_003" time="7.947"/>
</testsuite>